# JRE version: Java(TM) SE Runtime Environment (10.0.2+13) (build 10.0.2+13)
# Java VM: Java HotSpot(TM) 64-Bit Server VM (10.0.2+13, mixed mode, tiered, compressed oops, g1 gc, windows-amd64)
Heap:
 garbage-first heap   total 47104K, used 8701K [0x00000000c1600000, 0x0000000100000000)
  region size 1024K, 1 young (1024K), 1 survivors (1024K)
 Metaspace       used 14935K, capacity 15234K, committed 15488K, reserved 1062912K
  class space    used 1525K, capacity 1650K, committed 1664K, reserved 1048576K
GC Heap History (10 events):
Event: 4.491 GC heap before
{Heap before GC invocations=17 (full 0):
 garbage-first heap   total 10240K, used 5556K [0x00000000c1600000, 0x0000000100000000)
  region size 1024K, 2 young (2048K), 1 survivors (1024K)
 Metaspace       used 13765K, capacity 14041K, committed 14336K, reserved 1062912K
  class space    used 1410K, capacity 1530K, committed 1536K, reserved 1048576K
}
Event: 4.494 GC heap after
{Heap after GC invocations=18 (full 0):
 garbage-first heap   total 10240K, used 4671K [0x00000000c1600000, 0x0000000100000000)
  region size 1024K, 1 young (1024K), 1 survivors (1024K)
 Metaspace       used 13765K, capacity 14041K, committed 14336K, reserved 1062912K
  class space    used 1410K, capacity 1530K, committed 1536K, reserved 1048576K
}
Event: 4.497 GC heap before
{Heap before GC invocations=18 (full 0):
 garbage-first heap   total 10240K, used 5695K [0x00000000c1600000, 0x0000000100000000)
  region size 1024K, 2 young (2048K), 1 survivors (1024K)
 Metaspace       used 13765K, capacity 14041K, committed 14336K, reserved 1062912K
  class space    used 1410K, capacity 1530K, committed 1536K, reserved 1048576K
}
Event: 4.499 GC heap after
{Heap after GC invocations=19 (full 0):
 garbage-first heap   total 10240K, used 4772K [0x00000000c1600000, 0x0000000100000000)
  region size 1024K, 1 young (1024K), 1 survivors (1024K)
 Metaspace       used 13765K, capacity 14041K, committed 14336K, reserved 1062912K
  class space    used 1410K, capacity 1530K, committed 1536K, reserved 1048576K
}
Event: 4.513 GC heap before
{Heap before GC invocations=19 (full 0):
 garbage-first heap   total 10240K, used 5796K [0x00000000c1600000, 0x0000000100000000)
  region size 1024K, 2 young (2048K), 1 survivors (1024K)
 Metaspace       used 13773K, capacity 14041K, committed 14336K, reserved 1062912K
  class space    used 1410K, capacity 1530K, committed 1536K, reserved 1048576K
}
Event: 4.515 GC heap after
{Heap after GC invocations=20 (full 0):
 garbage-first heap   total 20480K, used 5021K [0x00000000c1600000, 0x0000000100000000)
  region size 1024K, 1 young (1024K), 1 survivors (1024K)
 Metaspace       used 13773K, capacity 14041K, committed 14336K, reserved 1062912K
  class space    used 1410K, capacity 1530K, committed 1536K, reserved 1048576K
}
Event: 4.587 GC heap before
{Heap before GC invocations=21 (full 0):
 garbage-first heap   total 20480K, used 10141K [0x00000000c1600000, 0x0000000100000000)
  region size 1024K, 6 young (6144K), 1 survivors (1024K)
 Metaspace       used 13841K, capacity 14107K, committed 14336K, reserved 1062912K
  class space    used 1414K, capacity 1530K, committed 1536K, reserved 1048576K
}
Event: 4.591 GC heap after
{Heap after GC invocations=22 (full 0):
 garbage-first heap   total 20480K, used 5770K [0x00000000c1600000, 0x0000000100000000)
  region size 1024K, 1 young (1024K), 1 survivors (1024K)
 Metaspace       used 13841K, capacity 14107K, committed 14336K, reserved 1062912K
  class space    used 1414K, capacity 1530K, committed 1536K, reserved 1048576K
}
Event: 4.651 GC heap before
{Heap before GC invocations=22 (full 0):
 garbage-first heap   total 20480K, used 10890K [0x00000000c1600000, 0x0000000100000000)
  region size 1024K, 6 young (6144K), 1 survivors (1024K)
 Metaspace       used 13901K, capacity 14193K, committed 14464K, reserved 1062912K
  class space    used 1420K, capacity 1538K, committed 1664K, reserved 1048576K
}
Event: 4.657 GC heap after
{Heap after GC invocations=23 (full 0):
 garbage-first heap   total 20480K, used 7419K [0x00000000c1600000, 0x0000000100000000)
  region size 1024K, 1 young (1024K), 1 survivors (1024K)
 Metaspace       used 13901K, capacity 14193K, committed 14464K, reserved 1062912K
  class space    used 1420K, capacity 1538K, committed 1664K, reserved 1048576K
}

